# JRE version: OpenJDK Runtime Environment (8.0_212-b04) (build 1.8.0_212-release-1586-b04)
# Java VM: OpenJDK 64-Bit Server VM (25.212-b04 mixed mode windows-amd64 compressed oops)
Heap:
 PSYoungGen      total 459264K, used 425665K [0x00000000e0000000, 0x00000000ffd00000, 0x0000000100000000)
  eden space 397312K, 100% used [0x00000000e0000000,0x00000000f8400000,0x00000000f8400000)
  from space 61952K, 45% used [0x00000000fc080000,0x00000000fdc304a8,0x00000000ffd00000)
  to   space 61952K, 99% used [0x00000000f8400000,0x00000000fc07be68,0x00000000fc080000)
 ParOldGen       total 222720K, used 104937K [0x00000000a0000000, 0x00000000ad980000, 0x00000000e0000000)
  object space 222720K, 47% used [0x00000000a0000000,0x00000000a667e7f0,0x00000000ad980000)
 Metaspace       used 98808K, capacity 102578K, committed 102976K, reserved 1138688K
  class space    used 12764K, capacity 13484K, committed 13632K, reserved 1048576K
GC Heap History (10 events):
Event: 177.730 GC heap before
{Heap before GC invocations=18 (full 3):
 PSYoungGen      total 345600K, used 343519K [0x00000000e0000000, 0x00000000f8600000, 0x0000000100000000)
  eden space 305152K, 100% used [0x00000000e0000000,0x00000000f2a00000,0x00000000f2a00000)
  from space 40448K, 94% used [0x00000000f5780000,0x00000000f7cf7c38,0x00000000f7f00000)
  to   space 46592K, 0% used [0x00000000f2a00000,0x00000000f2a00000,0x00000000f5780000)
 ParOldGen       total 128000K, used 67549K [0x00000000a0000000, 0x00000000a7d00000, 0x00000000e0000000)
  object space 128000K, 52% used [0x00000000a0000000,0x00000000a41f7510,0x00000000a7d00000)
 Metaspace       used 87954K, capacity 90952K, committed 91136K, reserved 1128448K
  class space    used 11393K, capacity 11973K, committed 12032K, reserved 1048576K
Event: 177.873 GC heap after
Heap after GC invocations=18 (full 3):
 PSYoungGen      total 351744K, used 42384K [0x00000000e0000000, 0x00000000fd180000, 0x0000000100000000)
  eden space 305152K, 0% used [0x00000000e0000000,0x00000000e0000000,0x00000000f2a00000)
  from space 46592K, 90% used [0x00000000f2a00000,0x00000000f5364298,0x00000000f5780000)
  to   space 52736K, 0% used [0x00000000f9e00000,0x00000000f9e00000,0x00000000fd180000)
 ParOldGen       total 128000K, used 67557K [0x00000000a0000000, 0x00000000a7d00000, 0x00000000e0000000)
  object space 128000K, 52% used [0x00000000a0000000,0x00000000a41f9510,0x00000000a7d00000)
 Metaspace       used 87954K, capacity 90952K, committed 91136K, reserved 1128448K
  class space    used 11393K, capacity 11973K, committed 12032K, reserved 1048576K
}
Event: 197.555 GC heap before
{Heap before GC invocations=19 (full 3):
 PSYoungGen      total 351744K, used 347536K [0x00000000e0000000, 0x00000000fd180000, 0x0000000100000000)
  eden space 305152K, 100% used [0x00000000e0000000,0x00000000f2a00000,0x00000000f2a00000)
  from space 46592K, 90% used [0x00000000f2a00000,0x00000000f5364298,0x00000000f5780000)
  to   space 52736K, 0% used [0x00000000f9e00000,0x00000000f9e00000,0x00000000fd180000)
 ParOldGen       total 128000K, used 67557K [0x00000000a0000000, 0x00000000a7d00000, 0x00000000e0000000)
  object space 128000K, 52% used [0x00000000a0000000,0x00000000a41f9510,0x00000000a7d00000)
 Metaspace       used 89954K, capacity 93196K, committed 93312K, reserved 1130496K
  class space    used 11694K, capacity 12339K, committed 12416K, reserved 1048576K
Event: 198.144 GC heap after
Heap after GC invocations=19 (full 3):
 PSYoungGen      total 414720K, used 52723K [0x00000000e0000000, 0x00000000ff480000, 0x0000000100000000)
  eden space 361984K, 0% used [0x00000000e0000000,0x00000000e0000000,0x00000000f6180000)
  from space 52736K, 99% used [0x00000000f9e00000,0x00000000fd17cc48,0x00000000fd180000)
  to   space 61952K, 0% used [0x00000000f6180000,0x00000000f6180000,0x00000000f9e00000)
 ParOldGen       total 128000K, used 69515K [0x00000000a0000000, 0x00000000a7d00000, 0x00000000e0000000)
  object space 128000K, 54% used [0x00000000a0000000,0x00000000a43e2ec0,0x00000000a7d00000)
 Metaspace       used 89954K, capacity 93196K, committed 93312K, reserved 1130496K
  class space    used 11694K, capacity 12339K, committed 12416K, reserved 1048576K
}
Event: 203.345 GC heap before
{Heap before GC invocations=20 (full 3):
 PSYoungGen      total 414720K, used 302427K [0x00000000e0000000, 0x00000000ff480000, 0x0000000100000000)
  eden space 361984K, 68% used [0x00000000e0000000,0x00000000ef3da080,0x00000000f6180000)
  from space 52736K, 99% used [0x00000000f9e00000,0x00000000fd17cc48,0x00000000fd180000)
  to   space 61952K, 0% used [0x00000000f6180000,0x00000000f6180000,0x00000000f9e00000)
 ParOldGen       total 128000K, used 69515K [0x00000000a0000000, 0x00000000a7d00000, 0x00000000e0000000)
  object space 128000K, 54% used [0x00000000a0000000,0x00000000a43e2ec0,0x00000000a7d00000)
 Metaspace       used 94701K, capacity 98472K, committed 98496K, reserved 1134592K
  class space    used 12439K, capacity 13225K, committed 13248K, reserved 1048576K
Event: 203.506 GC heap after
Heap after GC invocations=20 (full 3):
 PSYoungGen      total 423936K, used 43033K [0x00000000e0000000, 0x0000000100000000, 0x0000000100000000)
  eden space 361984K, 0% used [0x00000000e0000000,0x00000000e0000000,0x00000000f6180000)
  from space 61952K, 69% used [0x00000000f6180000,0x00000000f8b86670,0x00000000f9e00000)
  to   space 65024K, 0% used [0x00000000fc080000,0x00000000fc080000,0x0000000100000000)
 ParOldGen       total 128000K, used 84013K [0x00000000a0000000, 0x00000000a7d00000, 0x00000000e0000000)
  object space 128000K, 65% used [0x00000000a0000000,0x00000000a520b5f8,0x00000000a7d00000)
 Metaspace       used 94701K, capacity 98472K, committed 98496K, reserved 1134592K
  class space    used 12439K, capacity 13225K, committed 13248K, reserved 1048576K
}
Event: 203.506 GC heap before
{Heap before GC invocations=21 (full 4):
 PSYoungGen      total 423936K, used 43033K [0x00000000e0000000, 0x0000000100000000, 0x0000000100000000)
  eden space 361984K, 0% used [0x00000000e0000000,0x00000000e0000000,0x00000000f6180000)
  from space 61952K, 69% used [0x00000000f6180000,0x00000000f8b86670,0x00000000f9e00000)
  to   space 65024K, 0% used [0x00000000fc080000,0x00000000fc080000,0x0000000100000000)
 ParOldGen       total 128000K, used 84013K [0x00000000a0000000, 0x00000000a7d00000, 0x00000000e0000000)
  object space 128000K, 65% used [0x00000000a0000000,0x00000000a520b5f8,0x00000000a7d00000)
 Metaspace       used 94701K, capacity 98472K, committed 98496K, reserved 1134592K
  class space    used 12439K, capacity 13225K, committed 13248K, reserved 1048576K
Event: 205.476 GC heap after
Heap after GC invocations=21 (full 4):
 PSYoungGen      total 423936K, used 0K [0x00000000e0000000, 0x0000000100000000, 0x0000000100000000)
  eden space 361984K, 0% used [0x00000000e0000000,0x00000000e0000000,0x00000000f6180000)
  from space 61952K, 0% used [0x00000000f6180000,0x00000000f6180000,0x00000000f9e00000)
  to   space 65024K, 0% used [0x00000000fc080000,0x00000000fc080000,0x0000000100000000)
 ParOldGen       total 222720K, used 97398K [0x00000000a0000000, 0x00000000ad980000, 0x00000000e0000000)
  object space 222720K, 43% used [0x00000000a0000000,0x00000000a5f1db20,0x00000000ad980000)
 Metaspace       used 94321K, capacity 97588K, committed 98496K, reserved 1134592K
  class space    used 12307K, capacity 12989K, committed 13248K, reserved 1048576K
}
Event: 215.303 GC heap before
{Heap before GC invocations=22 (full 4):
 PSYoungGen      total 423936K, used 361984K [0x00000000e0000000, 0x0000000100000000, 0x0000000100000000)
  eden space 361984K, 100% used [0x00000000e0000000,0x00000000f6180000,0x00000000f6180000)
  from space 61952K, 0% used [0x00000000f6180000,0x00000000f6180000,0x00000000f9e00000)
  to   space 65024K, 0% used [0x00000000fc080000,0x00000000fc080000,0x0000000100000000)
 ParOldGen       total 222720K, used 97398K [0x00000000a0000000, 0x00000000ad980000, 0x00000000e0000000)
  object space 222720K, 43% used [0x00000000a0000000,0x00000000a5f1db20,0x00000000ad980000)
 Metaspace       used 98642K, capacity 102478K, committed 102720K, reserved 1138688K
  class space    used 12746K, capacity 13474K, committed 13632K, reserved 1048576K
Event: 215.359 GC heap after
Heap after GC invocations=22 (full 4):
 PSYoungGen      total 459264K, used 28353K [0x00000000e0000000, 0x00000000ffd00000, 0x0000000100000000)
  eden space 397312K, 0% used [0x00000000e0000000,0x00000000e0000000,0x00000000f8400000)
  from space 61952K, 45% used [0x00000000fc080000,0x00000000fdc304a8,0x00000000ffd00000)
  to   space 61952K, 0% used [0x00000000f8400000,0x00000000f8400000,0x00000000fc080000)
 ParOldGen       total 222720K, used 97406K [0x00000000a0000000, 0x00000000ad980000, 0x00000000e0000000)
  object space 222720K, 43% used [0x00000000a0000000,0x00000000a5f1fb20,0x00000000ad980000)
 Metaspace       used 98642K, capacity 102478K, committed 102720K, reserved 1138688K
  class space    used 12746K, capacity 13474K, committed 13632K, reserved 1048576K
}

