# JRE version: OpenJDK Runtime Environment (8.0_212-b04) (build 1.8.0_212-release-1586-b04)
# Java VM: OpenJDK 64-Bit Server VM (25.212-b04 mixed mode windows-amd64 compressed oops)
Heap:
 PSYoungGen      total 371712K, used 212877K [0x00000000e0000000, 0x00000000ff180000, 0x0000000100000000)
  eden space 240128K, 80% used [0x00000000e0000000,0x00000000ebc8cb00,0x00000000eea80000)
  from space 131584K, 15% used [0x00000000f7100000,0x00000000f8456b58,0x00000000ff180000)
  to   space 134656K, 0% used [0x00000000eea80000,0x00000000eea80000,0x00000000f6e00000)
 ParOldGen       total 373760K, used 290863K [0x00000000a0000000, 0x00000000b6d00000, 0x00000000e0000000)
  object space 373760K, 77% used [0x00000000a0000000,0x00000000b1c0bdb0,0x00000000b6d00000)
 Metaspace       used 109035K, capacity 114284K, committed 114560K, reserved 1148928K
  class space    used 13614K, capacity 14599K, committed 14720K, reserved 1048576K
GC Heap History (10 events):
Event: 1973.241 GC heap before
{Heap before GC invocations=48 (full 6):
 PSYoungGen      total 223744K, used 223565K [0x00000000e0000000, 0x00000000ff880000, 0x0000000100000000)
  eden space 210432K, 100% used [0x00000000e0000000,0x00000000ecd80000,0x00000000ecd80000)
  from space 13312K, 98% used [0x00000000ecd80000,0x00000000eda53758,0x00000000eda80000)
  to   space 153088K, 0% used [0x00000000f6300000,0x00000000f6300000,0x00000000ff880000)
 ParOldGen       total 373760K, used 266468K [0x00000000a0000000, 0x00000000b6d00000, 0x00000000e0000000)
  object space 373760K, 71% used [0x00000000a0000000,0x00000000b0439090,0x00000000b6d00000)
 Metaspace       used 107320K, capacity 112054K, committed 112384K, reserved 1146880K
  class space    used 13450K, capacity 14278K, committed 14336K, reserved 1048576K
Event: 1973.422 GC heap after
Heap after GC invocations=48 (full 6):
 PSYoungGen      total 366592K, used 19722K [0x00000000e0000000, 0x0000000100000000, 0x0000000100000000)
  eden space 213504K, 0% used [0x00000000e0000000,0x00000000e0000000,0x00000000ed080000)
  from space 153088K, 12% used [0x00000000f6300000,0x00000000f76429d8,0x00000000ff880000)
  to   space 150016K, 0% used [0x00000000ed080000,0x00000000ed080000,0x00000000f6300000)
 ParOldGen       total 373760K, used 266756K [0x00000000a0000000, 0x00000000b6d00000, 0x00000000e0000000)
  object space 373760K, 71% used [0x00000000a0000000,0x00000000b0481100,0x00000000b6d00000)
 Metaspace       used 107320K, capacity 112054K, committed 112384K, reserved 1146880K
  class space    used 13450K, capacity 14278K, committed 14336K, reserved 1048576K
}
Event: 1983.159 GC heap before
{Heap before GC invocations=49 (full 6):
 PSYoungGen      total 366592K, used 233226K [0x00000000e0000000, 0x0000000100000000, 0x0000000100000000)
  eden space 213504K, 100% used [0x00000000e0000000,0x00000000ed080000,0x00000000ed080000)
  from space 153088K, 12% used [0x00000000f6300000,0x00000000f76429d8,0x00000000ff880000)
  to   space 150016K, 0% used [0x00000000ed080000,0x00000000ed080000,0x00000000f6300000)
 ParOldGen       total 373760K, used 266756K [0x00000000a0000000, 0x00000000b6d00000, 0x00000000e0000000)
  object space 373760K, 71% used [0x00000000a0000000,0x00000000b0481100,0x00000000b6d00000)
 Metaspace       used 107511K, capacity 112188K, committed 112384K, reserved 1146880K
  class space    used 13452K, capacity 14279K, committed 14336K, reserved 1048576K
Event: 1983.384 GC heap after
Heap after GC invocations=49 (full 6):
 PSYoungGen      total 363520K, used 3904K [0x00000000e0000000, 0x00000000ffb00000, 0x0000000100000000)
  eden space 213504K, 0% used [0x00000000e0000000,0x00000000e0000000,0x00000000ed080000)
  from space 150016K, 2% used [0x00000000ed080000,0x00000000ed4501a0,0x00000000f6300000)
  to   space 148992K, 0% used [0x00000000f6980000,0x00000000f6980000,0x00000000ffb00000)
 ParOldGen       total 373760K, used 278213K [0x00000000a0000000, 0x00000000b6d00000, 0x00000000e0000000)
  object space 373760K, 74% used [0x00000000a0000000,0x00000000b0fb1620,0x00000000b6d00000)
 Metaspace       used 107511K, capacity 112188K, committed 112384K, reserved 1146880K
  class space    used 13452K, capacity 14279K, committed 14336K, reserved 1048576K
}
Event: 3086.463 GC heap before
{Heap before GC invocations=50 (full 6):
 PSYoungGen      total 363520K, used 217408K [0x00000000e0000000, 0x00000000ffb00000, 0x0000000100000000)
  eden space 213504K, 100% used [0x00000000e0000000,0x00000000ed080000,0x00000000ed080000)
  from space 150016K, 2% used [0x00000000ed080000,0x00000000ed4501a0,0x00000000f6300000)
  to   space 148992K, 0% used [0x00000000f6980000,0x00000000f6980000,0x00000000ffb00000)
 ParOldGen       total 373760K, used 278213K [0x00000000a0000000, 0x00000000b6d00000, 0x00000000e0000000)
  object space 373760K, 74% used [0x00000000a0000000,0x00000000b0fb1620,0x00000000b6d00000)
 Metaspace       used 108468K, capacity 113548K, committed 113664K, reserved 1148928K
  class space    used 13579K, capacity 14541K, committed 14592K, reserved 1048576K
Event: 3087.168 GC heap after
Heap after GC invocations=50 (full 6):
 PSYoungGen      total 368128K, used 21238K [0x00000000e0000000, 0x00000000ff500000, 0x0000000100000000)
  eden space 225280K, 0% used [0x00000000e0000000,0x00000000e0000000,0x00000000edc00000)
  from space 142848K, 14% used [0x00000000f6980000,0x00000000f7e3db68,0x00000000ff500000)
  to   space 143872K, 0% used [0x00000000edc00000,0x00000000edc00000,0x00000000f6880000)
 ParOldGen       total 373760K, used 279441K [0x00000000a0000000, 0x00000000b6d00000, 0x00000000e0000000)
  object space 373760K, 74% used [0x00000000a0000000,0x00000000b10e47f0,0x00000000b6d00000)
 Metaspace       used 108468K, capacity 113548K, committed 113664K, reserved 1148928K
  class space    used 13579K, capacity 14541K, committed 14592K, reserved 1048576K
}
Event: 3185.077 GC heap before
{Heap before GC invocations=51 (full 6):
 PSYoungGen      total 368128K, used 246518K [0x00000000e0000000, 0x00000000ff500000, 0x0000000100000000)
  eden space 225280K, 100% used [0x00000000e0000000,0x00000000edc00000,0x00000000edc00000)
  from space 142848K, 14% used [0x00000000f6980000,0x00000000f7e3db68,0x00000000ff500000)
  to   space 143872K, 0% used [0x00000000edc00000,0x00000000edc00000,0x00000000f6880000)
 ParOldGen       total 373760K, used 279441K [0x00000000a0000000, 0x00000000b6d00000, 0x00000000e0000000)
  object space 373760K, 74% used [0x00000000a0000000,0x00000000b10e47f0,0x00000000b6d00000)
 Metaspace       used 108848K, capacity 114114K, committed 114176K, reserved 1148928K
  class space    used 13610K, capacity 14592K, committed 14592K, reserved 1048576K
Event: 3185.229 GC heap after
Heap after GC invocations=51 (full 6):
 PSYoungGen      total 369152K, used 11840K [0x00000000e0000000, 0x00000000ffa00000, 0x0000000100000000)
  eden space 225280K, 0% used [0x00000000e0000000,0x00000000e0000000,0x00000000edc00000)
  from space 143872K, 8% used [0x00000000edc00000,0x00000000ee790040,0x00000000f6880000)
  to   space 140288K, 0% used [0x00000000f7100000,0x00000000f7100000,0x00000000ffa00000)
 ParOldGen       total 373760K, used 280256K [0x00000000a0000000, 0x00000000b6d00000, 0x00000000e0000000)
  object space 373760K, 74% used [0x00000000a0000000,0x00000000b11b0180,0x00000000b6d00000)
 Metaspace       used 108848K, capacity 114114K, committed 114176K, reserved 1148928K
  class space    used 13610K, capacity 14592K, committed 14592K, reserved 1048576K
}
Event: 3190.495 GC heap before
{Heap before GC invocations=52 (full 6):
 PSYoungGen      total 369152K, used 236323K [0x00000000e0000000, 0x00000000ffa00000, 0x0000000100000000)
  eden space 225280K, 99% used [0x00000000e0000000,0x00000000edb38d88,0x00000000edc00000)
  from space 143872K, 8% used [0x00000000edc00000,0x00000000ee790040,0x00000000f6880000)
  to   space 140288K, 0% used [0x00000000f7100000,0x00000000f7100000,0x00000000ffa00000)
 ParOldGen       total 373760K, used 280256K [0x00000000a0000000, 0x00000000b6d00000, 0x00000000e0000000)
  object space 373760K, 74% used [0x00000000a0000000,0x00000000b11b0180,0x00000000b6d00000)
 Metaspace       used 108962K, capacity 114242K, committed 114432K, reserved 1148928K
  class space    used 13610K, capacity 14592K, committed 14592K, reserved 1048576K
Event: 3190.639 GC heap after
Heap after GC invocations=52 (full 6):
 PSYoungGen      total 371712K, used 19802K [0x00000000e0000000, 0x00000000ff180000, 0x0000000100000000)
  eden space 240128K, 0% used [0x00000000e0000000,0x00000000e0000000,0x00000000eea80000)
  from space 131584K, 15% used [0x00000000f7100000,0x00000000f8456b58,0x00000000ff180000)
  to   space 134656K, 0% used [0x00000000eea80000,0x00000000eea80000,0x00000000f6e00000)
 ParOldGen       total 373760K, used 290863K [0x00000000a0000000, 0x00000000b6d00000, 0x00000000e0000000)
  object space 373760K, 77% used [0x00000000a0000000,0x00000000b1c0bdb0,0x00000000b6d00000)
 Metaspace       used 108962K, capacity 114242K, committed 114432K, reserved 1148928K
  class space    used 13610K, capacity 14592K, committed 14592K, reserved 1048576K
}

