# JRE version: OpenJDK Runtime Environment (8.0_212-b04) (build 1.8.0_212-release-1586-b04)
# Java VM: OpenJDK 64-Bit Server VM (25.212-b04 mixed mode windows-amd64 compressed oops)
Heap:
 PSYoungGen      total 428544K, used 224228K [0x00000000e0000000, 0x00000000ffe80000, 0x0000000100000000)
  eden space 342016K, 54% used [0x00000000e0000000,0x00000000eb7737f0,0x00000000f4e00000)
  from space 86528K, 42% used [0x00000000f4e00000,0x00000000f7185b08,0x00000000fa280000)
  to   space 82432K, 0% used [0x00000000fae00000,0x00000000fae00000,0x00000000ffe80000)
 ParOldGen       total 376320K, used 128789K [0x00000000a0000000, 0x00000000b6f80000, 0x00000000e0000000)
  object space 376320K, 34% used [0x00000000a0000000,0x00000000a7dc56b0,0x00000000b6f80000)
 Metaspace       used 109307K, capacity 114568K, committed 114816K, reserved 1148928K
  class space    used 13897K, capacity 14877K, committed 14976K, reserved 1048576K
GC Heap History (10 events):
Event: 543.149 GC heap before
{Heap before GC invocations=52 (full 6):
 PSYoungGen      total 449024K, used 401557K [0x00000000e0000000, 0x00000000ff980000, 0x0000000100000000)
  eden space 381952K, 100% used [0x00000000e0000000,0x00000000f7500000,0x00000000f7500000)
  from space 67072K, 29% used [0x00000000f7500000,0x00000000f8825690,0x00000000fb680000)
  to   space 64000K, 0% used [0x00000000fbb00000,0x00000000fbb00000,0x00000000ff980000)
 ParOldGen       total 378368K, used 231549K [0x00000000a0000000, 0x00000000b7180000, 0x00000000e0000000)
  object space 378368K, 61% used [0x00000000a0000000,0x00000000ae21f688,0x00000000b7180000)
 Metaspace       used 105626K, capacity 110234K, committed 110336K, reserved 1144832K
  class space    used 13388K, capacity 14276K, committed 14336K, reserved 1048576K
Event: 543.452 GC heap after
Heap after GC invocations=52 (full 6):
 PSYoungGen      total 401920K, used 63979K [0x00000000e0000000, 0x0000000100000000, 0x0000000100000000)
  eden space 337920K, 0% used [0x00000000e0000000,0x00000000e0000000,0x00000000f4a00000)
  from space 64000K, 99% used [0x00000000fbb00000,0x00000000ff97ace0,0x00000000ff980000)
  to   space 93184K, 0% used [0x00000000f4a00000,0x00000000f4a00000,0x00000000fa500000)
 ParOldGen       total 378368K, used 283088K [0x00000000a0000000, 0x00000000b7180000, 0x00000000e0000000)
  object space 378368K, 74% used [0x00000000a0000000,0x00000000b1474298,0x00000000b7180000)
 Metaspace       used 105626K, capacity 110234K, committed 110336K, reserved 1144832K
  class space    used 13388K, capacity 14276K, committed 14336K, reserved 1048576K
}
Event: 1065.889 GC heap before
{Heap before GC invocations=53 (full 6):
 PSYoungGen      total 401920K, used 401899K [0x00000000e0000000, 0x0000000100000000, 0x0000000100000000)
  eden space 337920K, 100% used [0x00000000e0000000,0x00000000f4a00000,0x00000000f4a00000)
  from space 64000K, 99% used [0x00000000fbb00000,0x00000000ff97ace0,0x00000000ff980000)
  to   space 93184K, 0% used [0x00000000f4a00000,0x00000000f4a00000,0x00000000fa500000)
 ParOldGen       total 378368K, used 283088K [0x00000000a0000000, 0x00000000b7180000, 0x00000000e0000000)
  object space 378368K, 74% used [0x00000000a0000000,0x00000000b1474298,0x00000000b7180000)
 Metaspace       used 107755K, capacity 112516K, committed 112768K, reserved 1146880K
  class space    used 13715K, capacity 14617K, committed 14720K, reserved 1048576K
Event: 1066.450 GC heap after
Heap after GC invocations=53 (full 6):
 PSYoungGen      total 431104K, used 26539K [0x00000000e0000000, 0x0000000100000000, 0x0000000100000000)
  eden space 337920K, 0% used [0x00000000e0000000,0x00000000e0000000,0x00000000f4a00000)
  from space 93184K, 28% used [0x00000000f4a00000,0x00000000f63ead58,0x00000000fa500000)
  to   space 89088K, 0% used [0x00000000fa900000,0x00000000fa900000,0x0000000100000000)
 ParOldGen       total 378368K, used 332131K [0x00000000a0000000, 0x00000000b7180000, 0x00000000e0000000)
  object space 378368K, 87% used [0x00000000a0000000,0x00000000b4458ff0,0x00000000b7180000)
 Metaspace       used 107755K, capacity 112516K, committed 112768K, reserved 1146880K
  class space    used 13715K, capacity 14617K, committed 14720K, reserved 1048576K
}
Event: 1066.450 GC heap before
{Heap before GC invocations=54 (full 7):
 PSYoungGen      total 431104K, used 26539K [0x00000000e0000000, 0x0000000100000000, 0x0000000100000000)
  eden space 337920K, 0% used [0x00000000e0000000,0x00000000e0000000,0x00000000f4a00000)
  from space 93184K, 28% used [0x00000000f4a00000,0x00000000f63ead58,0x00000000fa500000)
  to   space 89088K, 0% used [0x00000000fa900000,0x00000000fa900000,0x0000000100000000)
 ParOldGen       total 378368K, used 332131K [0x00000000a0000000, 0x00000000b7180000, 0x00000000e0000000)
  object space 378368K, 87% used [0x00000000a0000000,0x00000000b4458ff0,0x00000000b7180000)
 Metaspace       used 107755K, capacity 112516K, committed 112768K, reserved 1146880K
  class space    used 13715K, capacity 14617K, committed 14720K, reserved 1048576K
Event: 1067.093 GC heap after
Heap after GC invocations=54 (full 7):
 PSYoungGen      total 431104K, used 0K [0x00000000e0000000, 0x0000000100000000, 0x0000000100000000)
  eden space 337920K, 0% used [0x00000000e0000000,0x00000000e0000000,0x00000000f4a00000)
  from space 93184K, 0% used [0x00000000f4a00000,0x00000000f4a00000,0x00000000fa500000)
  to   space 89088K, 0% used [0x00000000fa900000,0x00000000fa900000,0x0000000100000000)
 ParOldGen       total 376320K, used 124125K [0x00000000a0000000, 0x00000000b6f80000, 0x00000000e0000000)
  object space 376320K, 32% used [0x00000000a0000000,0x00000000a7937658,0x00000000b6f80000)
 Metaspace       used 107755K, capacity 112516K, committed 112768K, reserved 1146880K
  class space    used 13715K, capacity 14617K, committed 14720K, reserved 1048576K
}
Event: 1135.493 GC heap before
{Heap before GC invocations=55 (full 7):
 PSYoungGen      total 431104K, used 337920K [0x00000000e0000000, 0x0000000100000000, 0x0000000100000000)
  eden space 337920K, 100% used [0x00000000e0000000,0x00000000f4a00000,0x00000000f4a00000)
  from space 93184K, 0% used [0x00000000f4a00000,0x00000000f4a00000,0x00000000fa500000)
  to   space 89088K, 0% used [0x00000000fa900000,0x00000000fa900000,0x0000000100000000)
 ParOldGen       total 376320K, used 124125K [0x00000000a0000000, 0x00000000b6f80000, 0x00000000e0000000)
  object space 376320K, 32% used [0x00000000a0000000,0x00000000a7937658,0x00000000b6f80000)
 Metaspace       used 108847K, capacity 114014K, committed 114176K, reserved 1148928K
  class space    used 13851K, capacity 14816K, committed 14848K, reserved 1048576K
Event: 1135.634 GC heap after
Heap after GC invocations=55 (full 7):
 PSYoungGen      total 421888K, used 19485K [0x00000000e0000000, 0x00000000ff700000, 0x0000000100000000)
  eden space 342016K, 0% used [0x00000000e0000000,0x00000000e0000000,0x00000000f4e00000)
  from space 79872K, 24% used [0x00000000fa900000,0x00000000fbc077c8,0x00000000ff700000)
  to   space 86528K, 0% used [0x00000000f4e00000,0x00000000f4e00000,0x00000000fa280000)
 ParOldGen       total 376320K, used 124133K [0x00000000a0000000, 0x00000000b6f80000, 0x00000000e0000000)
  object space 376320K, 32% used [0x00000000a0000000,0x00000000a7939658,0x00000000b6f80000)
 Metaspace       used 108847K, capacity 114014K, committed 114176K, reserved 1148928K
  class space    used 13851K, capacity 14816K, committed 14848K, reserved 1048576K
}
Event: 1343.428 GC heap before
{Heap before GC invocations=56 (full 7):
 PSYoungGen      total 421888K, used 361501K [0x00000000e0000000, 0x00000000ff700000, 0x0000000100000000)
  eden space 342016K, 100% used [0x00000000e0000000,0x00000000f4e00000,0x00000000f4e00000)
  from space 79872K, 24% used [0x00000000fa900000,0x00000000fbc077c8,0x00000000ff700000)
  to   space 86528K, 0% used [0x00000000f4e00000,0x00000000f4e00000,0x00000000fa280000)
 ParOldGen       total 376320K, used 124133K [0x00000000a0000000, 0x00000000b6f80000, 0x00000000e0000000)
  object space 376320K, 32% used [0x00000000a0000000,0x00000000a7939658,0x00000000b6f80000)
 Metaspace       used 108990K, capacity 114132K, committed 114176K, reserved 1148928K
  class space    used 13860K, capacity 14825K, committed 14848K, reserved 1048576K
Event: 1343.766 GC heap after
Heap after GC invocations=56 (full 7):
 PSYoungGen      total 428544K, used 36374K [0x00000000e0000000, 0x00000000ffe80000, 0x0000000100000000)
  eden space 342016K, 0% used [0x00000000e0000000,0x00000000e0000000,0x00000000f4e00000)
  from space 86528K, 42% used [0x00000000f4e00000,0x00000000f7185b08,0x00000000fa280000)
  to   space 82432K, 0% used [0x00000000fae00000,0x00000000fae00000,0x00000000ffe80000)
 ParOldGen       total 376320K, used 128789K [0x00000000a0000000, 0x00000000b6f80000, 0x00000000e0000000)
  object space 376320K, 34% used [0x00000000a0000000,0x00000000a7dc56b0,0x00000000b6f80000)
 Metaspace       used 108990K, capacity 114132K, committed 114176K, reserved 1148928K
  class space    used 13860K, capacity 14825K, committed 14848K, reserved 1048576K
}

