# JRE version: OpenJDK Runtime Environment (8.0_212-b04) (build 1.8.0_212-release-1586-b04)
# Java VM: OpenJDK 64-Bit Server VM (25.212-b04 mixed mode windows-amd64 compressed oops)
Heap:
 PSYoungGen      total 274944K, used 126477K [0x00000000e0000000, 0x00000000f3300000, 0x0000000100000000)
  eden space 242688K, 38% used [0x00000000e0000000,0x00000000e5c075e8,0x00000000eed00000)
  from space 32256K, 99% used [0x00000000eed00000,0x00000000f0c7c200,0x00000000f0c80000)
  to   space 25600K, 4% used [0x00000000f0c80000,0x00000000f0d80000,0x00000000f2580000)
 ParOldGen       total 136192K, used 90389K [0x00000000a0000000, 0x00000000a8500000, 0x00000000e0000000)
  object space 136192K, 66% used [0x00000000a0000000,0x00000000a5849568,0x00000000a8500000)
 Metaspace       used 75462K, capacity 78464K, committed 78592K, reserved 1120256K
  class space    used 10247K, capacity 10913K, committed 11008K, reserved 1048576K
GC Heap History (10 events):
Event: 47.114 GC heap after
Heap after GC invocations=12 (full 2):
 PSYoungGen      total 219648K, used 19452K [0x00000000e0000000, 0x00000000ef900000, 0x0000000100000000)
  eden space 200192K, 0% used [0x00000000e0000000,0x00000000e0000000,0x00000000ec380000)
  from space 19456K, 99% used [0x00000000eda80000,0x00000000eed7f168,0x00000000eed80000)
  to   space 23552K, 0% used [0x00000000ec380000,0x00000000ec380000,0x00000000eda80000)
 ParOldGen       total 90112K, used 27716K [0x00000000a0000000, 0x00000000a5800000, 0x00000000e0000000)
  object space 90112K, 30% used [0x00000000a0000000,0x00000000a1b11048,0x00000000a5800000)
 Metaspace       used 57220K, capacity 59004K, committed 59096K, reserved 1099776K
  class space    used 7848K, capacity 8281K, committed 8320K, reserved 1048576K
}
Event: 47.114 GC heap before
{Heap before GC invocations=13 (full 3):
 PSYoungGen      total 219648K, used 19452K [0x00000000e0000000, 0x00000000ef900000, 0x0000000100000000)
  eden space 200192K, 0% used [0x00000000e0000000,0x00000000e0000000,0x00000000ec380000)
  from space 19456K, 99% used [0x00000000eda80000,0x00000000eed7f168,0x00000000eed80000)
  to   space 23552K, 0% used [0x00000000ec380000,0x00000000ec380000,0x00000000eda80000)
 ParOldGen       total 90112K, used 27716K [0x00000000a0000000, 0x00000000a5800000, 0x00000000e0000000)
  object space 90112K, 30% used [0x00000000a0000000,0x00000000a1b11048,0x00000000a5800000)
 Metaspace       used 57220K, capacity 59004K, committed 59096K, reserved 1099776K
  class space    used 7848K, capacity 8281K, committed 8320K, reserved 1048576K
Event: 47.654 GC heap after
Heap after GC invocations=13 (full 3):
 PSYoungGen      total 219648K, used 0K [0x00000000e0000000, 0x00000000ef900000, 0x0000000100000000)
  eden space 200192K, 0% used [0x00000000e0000000,0x00000000e0000000,0x00000000ec380000)
  from space 19456K, 0% used [0x00000000eda80000,0x00000000eda80000,0x00000000eed80000)
  to   space 23552K, 0% used [0x00000000ec380000,0x00000000ec380000,0x00000000eda80000)
 ParOldGen       total 136192K, used 36997K [0x00000000a0000000, 0x00000000a8500000, 0x00000000e0000000)
  object space 136192K, 27% used [0x00000000a0000000,0x00000000a24216c8,0x00000000a8500000)
 Metaspace       used 57220K, capacity 59004K, committed 59096K, reserved 1099776K
  class space    used 7848K, capacity 8281K, committed 8320K, reserved 1048576K
}
Event: 56.950 GC heap before
{Heap before GC invocations=14 (full 3):
 PSYoungGen      total 219648K, used 200192K [0x00000000e0000000, 0x00000000ef900000, 0x0000000100000000)
  eden space 200192K, 100% used [0x00000000e0000000,0x00000000ec380000,0x00000000ec380000)
  from space 19456K, 0% used [0x00000000eda80000,0x00000000eda80000,0x00000000eed80000)
  to   space 23552K, 0% used [0x00000000ec380000,0x00000000ec380000,0x00000000eda80000)
 ParOldGen       total 136192K, used 36997K [0x00000000a0000000, 0x00000000a8500000, 0x00000000e0000000)
  object space 136192K, 27% used [0x00000000a0000000,0x00000000a24216c8,0x00000000a8500000)
 Metaspace       used 62124K, capacity 64352K, committed 64512K, reserved 1105920K
  class space    used 8424K, capacity 8915K, committed 8960K, reserved 1048576K
Event: 57.051 GC heap after
Heap after GC invocations=14 (full 3):
 PSYoungGen      total 223744K, used 19542K [0x00000000e0000000, 0x00000000f2580000, 0x0000000100000000)
  eden space 200192K, 0% used [0x00000000e0000000,0x00000000e0000000,0x00000000ec380000)
  from space 23552K, 82% used [0x00000000ec380000,0x00000000ed695b50,0x00000000eda80000)
  to   space 25600K, 0% used [0x00000000f0c80000,0x00000000f0c80000,0x00000000f2580000)
 ParOldGen       total 136192K, used 37005K [0x00000000a0000000, 0x00000000a8500000, 0x00000000e0000000)
  object space 136192K, 27% used [0x00000000a0000000,0x00000000a24236c8,0x00000000a8500000)
 Metaspace       used 62124K, capacity 64352K, committed 64512K, reserved 1105920K
  class space    used 8424K, capacity 8915K, committed 8960K, reserved 1048576K
}
Event: 66.241 GC heap before
{Heap before GC invocations=15 (full 3):
 PSYoungGen      total 223744K, used 219734K [0x00000000e0000000, 0x00000000f2580000, 0x0000000100000000)
  eden space 200192K, 100% used [0x00000000e0000000,0x00000000ec380000,0x00000000ec380000)
  from space 23552K, 82% used [0x00000000ec380000,0x00000000ed695b50,0x00000000eda80000)
  to   space 25600K, 0% used [0x00000000f0c80000,0x00000000f0c80000,0x00000000f2580000)
 ParOldGen       total 136192K, used 37005K [0x00000000a0000000, 0x00000000a8500000, 0x00000000e0000000)
  object space 136192K, 27% used [0x00000000a0000000,0x00000000a24236c8,0x00000000a8500000)
 Metaspace       used 67352K, capacity 69554K, committed 69760K, reserved 1110016K
  class space    used 9120K, capacity 9580K, committed 9600K, reserved 1048576K
Event: 66.351 GC heap after
Heap after GC invocations=15 (full 3):
 PSYoungGen      total 268288K, used 25593K [0x00000000e0000000, 0x00000000f3300000, 0x0000000100000000)
  eden space 242688K, 0% used [0x00000000e0000000,0x00000000e0000000,0x00000000eed00000)
  from space 25600K, 99% used [0x00000000f0c80000,0x00000000f257e530,0x00000000f2580000)
  to   space 32256K, 0% used [0x00000000eed00000,0x00000000eed00000,0x00000000f0c80000)
 ParOldGen       total 136192K, used 44610K [0x00000000a0000000, 0x00000000a8500000, 0x00000000e0000000)
  object space 136192K, 32% used [0x00000000a0000000,0x00000000a2b90a88,0x00000000a8500000)
 Metaspace       used 67352K, capacity 69554K, committed 69760K, reserved 1110016K
  class space    used 9120K, capacity 9580K, committed 9600K, reserved 1048576K
}
Event: 72.014 GC heap before
{Heap before GC invocations=16 (full 3):
 PSYoungGen      total 268288K, used 268281K [0x00000000e0000000, 0x00000000f3300000, 0x0000000100000000)
  eden space 242688K, 100% used [0x00000000e0000000,0x00000000eed00000,0x00000000eed00000)
  from space 25600K, 99% used [0x00000000f0c80000,0x00000000f257e530,0x00000000f2580000)
  to   space 32256K, 0% used [0x00000000eed00000,0x00000000eed00000,0x00000000f0c80000)
 ParOldGen       total 136192K, used 44610K [0x00000000a0000000, 0x00000000a8500000, 0x00000000e0000000)
  object space 136192K, 32% used [0x00000000a0000000,0x00000000a2b90a88,0x00000000a8500000)
 Metaspace       used 71665K, capacity 74352K, committed 74624K, reserved 1114112K
  class space    used 9742K, capacity 10349K, committed 10368K, reserved 1048576K
Event: 72.397 GC heap after
Heap after GC invocations=16 (full 3):
 PSYoungGen      total 274944K, used 32240K [0x00000000e0000000, 0x00000000f3300000, 0x0000000100000000)
  eden space 242688K, 0% used [0x00000000e0000000,0x00000000e0000000,0x00000000eed00000)
  from space 32256K, 99% used [0x00000000eed00000,0x00000000f0c7c200,0x00000000f0c80000)
  to   space 25600K, 0% used [0x00000000f0c80000,0x00000000f0c80000,0x00000000f2580000)
 ParOldGen       total 136192K, used 82817K [0x00000000a0000000, 0x00000000a8500000, 0x00000000e0000000)
  object space 136192K, 60% used [0x00000000a0000000,0x00000000a50e05c8,0x00000000a8500000)
 Metaspace       used 71665K, capacity 74352K, committed 74624K, reserved 1114112K
  class space    used 9742K, capacity 10349K, committed 10368K, reserved 1048576K
}
Event: 77.212 GC heap before
{Heap before GC invocations=17 (full 3):
 PSYoungGen      total 274944K, used 126477K [0x00000000e0000000, 0x00000000f3300000, 0x0000000100000000)
  eden space 242688K, 38% used [0x00000000e0000000,0x00000000e5c075e8,0x00000000eed00000)
  from space 32256K, 99% used [0x00000000eed00000,0x00000000f0c7c200,0x00000000f0c80000)
  to   space 25600K, 0% used [0x00000000f0c80000,0x00000000f0c80000,0x00000000f2580000)
 ParOldGen       total 136192K, used 82817K [0x00000000a0000000, 0x00000000a8500000, 0x00000000e0000000)
  object space 136192K, 60% used [0x00000000a0000000,0x00000000a50e05c8,0x00000000a8500000)
 Metaspace       used 75462K, capacity 78464K, committed 78592K, reserved 1120256K
  class space    used 10247K, capacity 10913K, committed 11008K, reserved 1048576K

