# JRE version: OpenJDK Runtime Environment (8.0_212-b04) (build 1.8.0_212-release-1586-b04)
# Java VM: OpenJDK 64-Bit Server VM (25.212-b04 mixed mode windows-amd64 compressed oops)
Heap:
 PSYoungGen      total 456704K, used 399042K [0x00000000e0000000, 0x0000000100000000, 0x0000000100000000)
  eden space 397824K, 90% used [0x00000000e0000000,0x00000000f5ece4a0,0x00000000f8480000)
  from space 58880K, 67% used [0x00000000f8480000,0x00000000fab62700,0x00000000fbe00000)
  to   space 61440K, 0% used [0x00000000fc400000,0x00000000fc400000,0x0000000100000000)
 ParOldGen       total 142848K, used 106468K [0x00000000a0000000, 0x00000000a8b80000, 0x00000000e0000000)
  object space 142848K, 74% used [0x00000000a0000000,0x00000000a67f9128,0x00000000a8b80000)
 Metaspace       used 81062K, capacity 84272K, committed 85120K, reserved 1122304K
  class space    used 10745K, capacity 11423K, committed 11648K, reserved 1048576K
GC Heap History (10 events):
Event: 119.458 GC heap before
{Heap before GC invocations=24 (full 4):
 PSYoungGen      total 454144K, used 402526K [0x00000000e0000000, 0x00000000fff80000, 0x0000000100000000)
  eden space 388608K, 100% used [0x00000000e0000000,0x00000000f7b80000,0x00000000f7b80000)
  from space 65536K, 21% used [0x00000000f7b80000,0x00000000f8917828,0x00000000fbb80000)
  to   space 64512K, 0% used [0x00000000fc080000,0x00000000fc080000,0x00000000fff80000)
 ParOldGen       total 142848K, used 115292K [0x00000000a0000000, 0x00000000a8b80000, 0x00000000e0000000)
  object space 142848K, 80% used [0x00000000a0000000,0x00000000a7097148,0x00000000a8b80000)
 Metaspace       used 81007K, capacity 84260K, committed 85120K, reserved 1122304K
  class space    used 10745K, capacity 11423K, committed 11648K, reserved 1048576K
Event: 119.566 GC heap after
Heap after GC invocations=24 (full 4):
 PSYoungGen      total 457216K, used 8883K [0x00000000e0000000, 0x00000000ffe00000, 0x0000000100000000)
  eden space 394240K, 0% used [0x00000000e0000000,0x00000000e0000000,0x00000000f8100000)
  from space 62976K, 14% used [0x00000000fc080000,0x00000000fc92cec8,0x00000000ffe00000)
  to   space 64000K, 0% used [0x00000000f8100000,0x00000000f8100000,0x00000000fbf80000)
 ParOldGen       total 142848K, used 125712K [0x00000000a0000000, 0x00000000a8b80000, 0x00000000e0000000)
  object space 142848K, 88% used [0x00000000a0000000,0x00000000a7ac42e8,0x00000000a8b80000)
 Metaspace       used 81007K, capacity 84260K, committed 85120K, reserved 1122304K
  class space    used 10745K, capacity 11423K, committed 11648K, reserved 1048576K
}
Event: 119.566 GC heap before
{Heap before GC invocations=25 (full 5):
 PSYoungGen      total 457216K, used 8883K [0x00000000e0000000, 0x00000000ffe00000, 0x0000000100000000)
  eden space 394240K, 0% used [0x00000000e0000000,0x00000000e0000000,0x00000000f8100000)
  from space 62976K, 14% used [0x00000000fc080000,0x00000000fc92cec8,0x00000000ffe00000)
  to   space 64000K, 0% used [0x00000000f8100000,0x00000000f8100000,0x00000000fbf80000)
 ParOldGen       total 142848K, used 125712K [0x00000000a0000000, 0x00000000a8b80000, 0x00000000e0000000)
  object space 142848K, 88% used [0x00000000a0000000,0x00000000a7ac42e8,0x00000000a8b80000)
 Metaspace       used 81007K, capacity 84260K, committed 85120K, reserved 1122304K
  class space    used 10745K, capacity 11423K, committed 11648K, reserved 1048576K
Event: 120.881 GC heap after
Heap after GC invocations=25 (full 5):
 PSYoungGen      total 457216K, used 0K [0x00000000e0000000, 0x00000000ffe00000, 0x0000000100000000)
  eden space 394240K, 0% used [0x00000000e0000000,0x00000000e0000000,0x00000000f8100000)
  from space 62976K, 0% used [0x00000000fc080000,0x00000000fc080000,0x00000000ffe00000)
  to   space 64000K, 0% used [0x00000000f8100000,0x00000000f8100000,0x00000000fbf80000)
 ParOldGen       total 142848K, used 106460K [0x00000000a0000000, 0x00000000a8b80000, 0x00000000e0000000)
  object space 142848K, 74% used [0x00000000a0000000,0x00000000a67f7128,0x00000000a8b80000)
 Metaspace       used 81007K, capacity 84260K, committed 85120K, reserved 1122304K
  class space    used 10745K, capacity 11423K, committed 11648K, reserved 1048576K
}
Event: 126.476 GC heap before
{Heap before GC invocations=26 (full 5):
 PSYoungGen      total 457216K, used 394240K [0x00000000e0000000, 0x00000000ffe00000, 0x0000000100000000)
  eden space 394240K, 100% used [0x00000000e0000000,0x00000000f8100000,0x00000000f8100000)
  from space 62976K, 0% used [0x00000000fc080000,0x00000000fc080000,0x00000000ffe00000)
  to   space 64000K, 0% used [0x00000000f8100000,0x00000000f8100000,0x00000000fbf80000)
 ParOldGen       total 142848K, used 106460K [0x00000000a0000000, 0x00000000a8b80000, 0x00000000e0000000)
  object space 142848K, 74% used [0x00000000a0000000,0x00000000a67f7128,0x00000000a8b80000)
 Metaspace       used 81007K, capacity 84260K, committed 85120K, reserved 1122304K
  class space    used 10745K, capacity 11423K, committed 11648K, reserved 1048576K
Event: 126.536 GC heap after
Heap after GC invocations=26 (full 5):
 PSYoungGen      total 458240K, used 10518K [0x00000000e0000000, 0x00000000ffe00000, 0x0000000100000000)
  eden space 394240K, 0% used [0x00000000e0000000,0x00000000e0000000,0x00000000f8100000)
  from space 64000K, 16% used [0x00000000f8100000,0x00000000f8b45b40,0x00000000fbf80000)
  to   space 62464K, 0% used [0x00000000fc100000,0x00000000fc100000,0x00000000ffe00000)
 ParOldGen       total 142848K, used 106460K [0x00000000a0000000, 0x00000000a8b80000, 0x00000000e0000000)
  object space 142848K, 74% used [0x00000000a0000000,0x00000000a67f7128,0x00000000a8b80000)
 Metaspace       used 81007K, capacity 84260K, committed 85120K, reserved 1122304K
  class space    used 10745K, capacity 11423K, committed 11648K, reserved 1048576K
}
Event: 131.232 GC heap before
{Heap before GC invocations=27 (full 5):
 PSYoungGen      total 458240K, used 404758K [0x00000000e0000000, 0x00000000ffe00000, 0x0000000100000000)
  eden space 394240K, 100% used [0x00000000e0000000,0x00000000f8100000,0x00000000f8100000)
  from space 64000K, 16% used [0x00000000f8100000,0x00000000f8b45b40,0x00000000fbf80000)
  to   space 62464K, 0% used [0x00000000fc100000,0x00000000fc100000,0x00000000ffe00000)
 ParOldGen       total 142848K, used 106460K [0x00000000a0000000, 0x00000000a8b80000, 0x00000000e0000000)
  object space 142848K, 74% used [0x00000000a0000000,0x00000000a67f7128,0x00000000a8b80000)
 Metaspace       used 81026K, capacity 84260K, committed 85120K, reserved 1122304K
  class space    used 10745K, capacity 11423K, committed 11648K, reserved 1048576K
Event: 131.318 GC heap after
Heap after GC invocations=27 (full 5):
 PSYoungGen      total 453632K, used 23530K [0x00000000e0000000, 0x00000000ff780000, 0x0000000100000000)
  eden space 397824K, 0% used [0x00000000e0000000,0x00000000e0000000,0x00000000f8480000)
  from space 55808K, 42% used [0x00000000fc100000,0x00000000fd7fab60,0x00000000ff780000)
  to   space 58880K, 0% used [0x00000000f8480000,0x00000000f8480000,0x00000000fbe00000)
 ParOldGen       total 142848K, used 106468K [0x00000000a0000000, 0x00000000a8b80000, 0x00000000e0000000)
  object space 142848K, 74% used [0x00000000a0000000,0x00000000a67f9128,0x00000000a8b80000)
 Metaspace       used 81026K, capacity 84260K, committed 85120K, reserved 1122304K
  class space    used 10745K, capacity 11423K, committed 11648K, reserved 1048576K
}
Event: 136.871 GC heap before
{Heap before GC invocations=28 (full 5):
 PSYoungGen      total 453632K, used 421354K [0x00000000e0000000, 0x00000000ff780000, 0x0000000100000000)
  eden space 397824K, 100% used [0x00000000e0000000,0x00000000f8480000,0x00000000f8480000)
  from space 55808K, 42% used [0x00000000fc100000,0x00000000fd7fab60,0x00000000ff780000)
  to   space 58880K, 0% used [0x00000000f8480000,0x00000000f8480000,0x00000000fbe00000)
 ParOldGen       total 142848K, used 106468K [0x00000000a0000000, 0x00000000a8b80000, 0x00000000e0000000)
  object space 142848K, 74% used [0x00000000a0000000,0x00000000a67f9128,0x00000000a8b80000)
 Metaspace       used 81048K, capacity 84268K, committed 85120K, reserved 1122304K
  class space    used 10745K, capacity 11423K, committed 11648K, reserved 1048576K
Event: 137.015 GC heap after
Heap after GC invocations=28 (full 5):
 PSYoungGen      total 456704K, used 39817K [0x00000000e0000000, 0x0000000100000000, 0x0000000100000000)
  eden space 397824K, 0% used [0x00000000e0000000,0x00000000e0000000,0x00000000f8480000)
  from space 58880K, 67% used [0x00000000f8480000,0x00000000fab62700,0x00000000fbe00000)
  to   space 61440K, 0% used [0x00000000fc400000,0x00000000fc400000,0x0000000100000000)
 ParOldGen       total 142848K, used 106468K [0x00000000a0000000, 0x00000000a8b80000, 0x00000000e0000000)
  object space 142848K, 74% used [0x00000000a0000000,0x00000000a67f9128,0x00000000a8b80000)
 Metaspace       used 81048K, capacity 84268K, committed 85120K, reserved 1122304K
  class space    used 10745K, capacity 11423K, committed 11648K, reserved 1048576K
}

